<?xml version="1.0" encoding="UTF-8"?>
<coverage generated="1737546422145" clover="3.2.0">
  <project timestamp="1737546422145" name="All files">
    <metrics statements="79" coveredstatements="79" conditionals="47" coveredconditionals="47" methods="16" coveredmethods="12" elements="142" coveredelements="138" complexity="0" loc="79" ncloc="79" packages="10" files="10" classes="10"/>
    <package name="src">
      <metrics statements="6" coveredstatements="6" conditionals="0" coveredconditionals="0" methods="6" coveredmethods="2"/>
      <file name="index.ts" path="/Users/dm/pets/crypto-tools/packages/common-crypto-tools/src/index.ts">
        <metrics statements="6" coveredstatements="6" conditionals="0" coveredconditionals="0" methods="6" coveredmethods="2"/>
        <line num="1" count="1" type="stmt"/>
        <line num="2" count="1" type="stmt"/>
        <line num="3" count="1" type="stmt"/>
        <line num="4" count="17" type="stmt"/>
        <line num="5" count="5" type="stmt"/>
        <line num="6" count="1" type="stmt"/>
      </file>
    </package>
    <package name="src.abbreviateAddress">
      <metrics statements="29" coveredstatements="29" conditionals="27" coveredconditionals="27" methods="1" coveredmethods="1"/>
      <file name="abbreviateAddress.ts" path="/Users/dm/pets/crypto-tools/packages/common-crypto-tools/src/abbreviateAddress/abbreviateAddress.ts">
        <metrics statements="29" coveredstatements="29" conditionals="27" coveredconditionals="27" methods="1" coveredmethods="1"/>
        <line num="1" count="2" type="stmt"/>
        <line num="4" count="2" type="stmt"/>
        <line num="8" count="13" type="cond" truecount="1" falsecount="0"/>
        <line num="13" count="1" type="stmt"/>
        <line num="16" count="12" type="cond" truecount="1" falsecount="0"/>
        <line num="21" count="2" type="stmt"/>
        <line num="24" count="10" type="stmt"/>
        <line num="25" count="10" type="stmt"/>
        <line num="26" count="10" type="stmt"/>
        <line num="28" count="10" type="cond" truecount="2" falsecount="0"/>
        <line num="29" count="1" type="stmt"/>
        <line num="30" count="1" type="stmt"/>
        <line num="31" count="9" type="cond" truecount="1" falsecount="0"/>
        <line num="32" count="7" type="cond" truecount="2" falsecount="0"/>
        <line num="33" count="4" type="stmt"/>
        <line num="34" count="4" type="stmt"/>
        <line num="35" count="3" type="cond" truecount="2" falsecount="0"/>
        <line num="36" count="1" type="stmt"/>
        <line num="37" count="1" type="stmt"/>
        <line num="38" count="1" type="stmt"/>
        <line num="39" count="2" type="cond" truecount="1" falsecount="0"/>
        <line num="40" count="2" type="stmt"/>
        <line num="41" count="2" type="stmt"/>
        <line num="42" count="2" type="stmt"/>
        <line num="46" count="10" type="cond" truecount="3" falsecount="0"/>
        <line num="47" count="8" type="stmt"/>
        <line num="51" count="10" type="cond" truecount="3" falsecount="0"/>
        <line num="54" count="10" type="cond" truecount="4" falsecount="0"/>
        <line num="58" count="10" type="stmt"/>
      </file>
    </package>
    <package name="src.abbreviateAddress.constants">
      <metrics statements="1" coveredstatements="1" conditionals="0" coveredconditionals="0" methods="0" coveredmethods="0"/>
      <file name="defaults.ts" path="/Users/dm/pets/crypto-tools/packages/common-crypto-tools/src/abbreviateAddress/constants/defaults.ts">
        <metrics statements="1" coveredstatements="1" conditionals="0" coveredconditionals="0" methods="0" coveredmethods="0"/>
        <line num="1" count="2" type="stmt"/>
      </file>
    </package>
    <package name="src.addHTMLBreaksToAddress">
      <metrics statements="10" coveredstatements="10" conditionals="6" coveredconditionals="6" methods="1" coveredmethods="1"/>
      <file name="addHTMLBreaksToAddress.ts" path="/Users/dm/pets/crypto-tools/packages/common-crypto-tools/src/addHTMLBreaksToAddress/addHTMLBreaksToAddress.ts">
        <metrics statements="10" coveredstatements="10" conditionals="6" coveredconditionals="6" methods="1" coveredmethods="1"/>
        <line num="1" count="2" type="stmt"/>
        <line num="3" count="2" type="stmt"/>
        <line num="7" count="7" type="cond" truecount="1" falsecount="0"/>
        <line num="8" count="1" type="stmt"/>
        <line num="13" count="6" type="stmt"/>
        <line num="15" count="6" type="stmt"/>
        <line num="16" count="48" type="cond" truecount="3" falsecount="0"/>
        <line num="17" count="8" type="stmt"/>
        <line num="19" count="48" type="stmt"/>
        <line num="22" count="6" type="stmt"/>
      </file>
    </package>
    <package name="src.explorerUrl">
      <metrics statements="12" coveredstatements="12" conditionals="10" coveredconditionals="10" methods="4" coveredmethods="4"/>
      <file name="explorerUrl.ts" path="/Users/dm/pets/crypto-tools/packages/common-crypto-tools/src/explorerUrl/explorerUrl.ts">
        <metrics statements="12" coveredstatements="12" conditionals="10" coveredconditionals="10" methods="4" coveredmethods="4"/>
        <line num="1" count="2" type="stmt"/>
        <line num="4" count="2" type="stmt"/>
        <line num="6" count="2" type="cond" truecount="1" falsecount="0"/>
        <line num="7" count="14" type="stmt"/>
        <line num="9" count="14" type="cond" truecount="2" falsecount="0"/>
        <line num="10" count="14" type="stmt"/>
        <line num="11" count="14" type="cond" truecount="1" falsecount="0"/>
        <line num="12" count="1" type="stmt"/>
        <line num="15" count="13" type="stmt"/>
        <line num="16" count="6" type="cond" truecount="2" falsecount="0"/>
        <line num="18" count="5" type="cond" truecount="2" falsecount="0"/>
        <line num="20" count="3" type="cond" truecount="2" falsecount="0"/>
      </file>
    </package>
    <package name="src.explorerUrl.constants">
      <metrics statements="1" coveredstatements="1" conditionals="0" coveredconditionals="0" methods="0" coveredmethods="0"/>
      <file name="explorers.ts" path="/Users/dm/pets/crypto-tools/packages/common-crypto-tools/src/explorerUrl/constants/explorers.ts">
        <metrics statements="1" coveredstatements="1" conditionals="0" coveredconditionals="0" methods="0" coveredmethods="0"/>
        <line num="3" count="2" type="stmt"/>
      </file>
    </package>
    <package name="src.explorerUrl.utils">
      <metrics statements="7" coveredstatements="7" conditionals="1" coveredconditionals="1" methods="1" coveredmethods="1"/>
      <file name="normalizeNetwork.ts" path="/Users/dm/pets/crypto-tools/packages/common-crypto-tools/src/explorerUrl/utils/normalizeNetwork.ts">
        <metrics statements="7" coveredstatements="7" conditionals="1" coveredconditionals="1" methods="1" coveredmethods="1"/>
        <line num="1" count="3" type="stmt"/>
        <line num="2" count="43" type="stmt"/>
        <line num="4" count="43" type="stmt"/>
        <line num="25" count="43" type="stmt"/>
        <line num="26" count="412" type="cond" truecount="1" falsecount="0"/>
        <line num="27" count="41" type="stmt"/>
        <line num="31" count="2" type="stmt"/>
      </file>
    </package>
    <package name="src.removeLeading0x">
      <metrics statements="5" coveredstatements="5" conditionals="1" coveredconditionals="1" methods="1" coveredmethods="1"/>
      <file name="removeLeading0x.ts" path="/Users/dm/pets/crypto-tools/packages/common-crypto-tools/src/removeLeading0x/removeLeading0x.ts">
        <metrics statements="5" coveredstatements="5" conditionals="1" coveredconditionals="1" methods="1" coveredmethods="1"/>
        <line num="1" count="2" type="stmt"/>
        <line num="2" count="6" type="cond" truecount="1" falsecount="0"/>
        <line num="3" count="3" type="stmt"/>
        <line num="4" count="3" type="stmt"/>
        <line num="7" count="3" type="stmt"/>
      </file>
    </package>
    <package name="src.toBigFloat">
      <metrics statements="5" coveredstatements="5" conditionals="2" coveredconditionals="2" methods="1" coveredmethods="1"/>
      <file name="toBigFloat.ts" path="/Users/dm/pets/crypto-tools/packages/common-crypto-tools/src/toBigFloat/toBigFloat.ts">
        <metrics statements="5" coveredstatements="5" conditionals="2" coveredconditionals="2" methods="1" coveredmethods="1"/>
        <line num="1" count="1" type="stmt"/>
        <line num="2" count="1" type="stmt"/>
        <line num="4" count="1" type="stmt"/>
        <line num="9" count="16" type="cond" truecount="2" falsecount="0"/>
        <line num="13" count="16" type="stmt"/>
      </file>
    </package>
    <package name="src.toBigNumber">
      <metrics statements="3" coveredstatements="3" conditionals="0" coveredconditionals="0" methods="1" coveredmethods="1"/>
      <file name="toBigNumber.ts" path="/Users/dm/pets/crypto-tools/packages/common-crypto-tools/src/toBigNumber/toBigNumber.ts">
        <metrics statements="3" coveredstatements="3" conditionals="0" coveredconditionals="0" methods="1" coveredmethods="1"/>
        <line num="1" count="2" type="stmt"/>
        <line num="3" count="2" type="stmt"/>
        <line num="4" count="15" type="stmt"/>
      </file>
    </package>
  </project>
</coverage>
