{"/Users/dm/pets/crypto-tools/packages/common-crypto-tools/src/index.ts": {"path":"/Users/dm/pets/crypto-tools/packages/common-crypto-tools/src/index.ts","statementMap":{"0":{"start":{"line":1,"column":0},"end":{"line":1,"column":9}},"1":{"start":{"line":1,"column":9},"end":{"line":1,"column":74}},"2":{"start":{"line":2,"column":0},"end":{"line":2,"column":9}},"3":{"start":{"line":2,"column":9},"end":{"line":2,"column":89}},"4":{"start":{"line":3,"column":0},"end":{"line":3,"column":9}},"5":{"start":{"line":3,"column":9},"end":{"line":3,"column":68}},"6":{"start":{"line":4,"column":0},"end":{"line":4,"column":9}},"7":{"start":{"line":4,"column":9},"end":{"line":4,"column":53}},"8":{"start":{"line":5,"column":0},"end":{"line":5,"column":9}},"9":{"start":{"line":5,"column":9},"end":{"line":5,"column":56}},"10":{"start":{"line":6,"column":0},"end":{"line":6,"column":9}},"11":{"start":{"line":6,"column":9},"end":{"line":6,"column":56}}},"fnMap":{"0":{"name":"(anonymous_0)","decl":{"start":{"line":1,"column":9},"end":{"line":1,"column":26}},"loc":{"start":{"line":1,"column":9},"end":{"line":1,"column":74}}},"1":{"name":"(anonymous_1)","decl":{"start":{"line":2,"column":9},"end":{"line":2,"column":31}},"loc":{"start":{"line":2,"column":9},"end":{"line":2,"column":89}}},"2":{"name":"(anonymous_2)","decl":{"start":{"line":3,"column":9},"end":{"line":3,"column":24}},"loc":{"start":{"line":3,"column":9},"end":{"line":3,"column":68}}},"3":{"name":"(anonymous_3)","decl":{"start":{"line":4,"column":9},"end":{"line":4,"column":19}},"loc":{"start":{"line":4,"column":9},"end":{"line":4,"column":53}}},"4":{"name":"(anonymous_4)","decl":{"start":{"line":5,"column":9},"end":{"line":5,"column":20}},"loc":{"start":{"line":5,"column":9},"end":{"line":5,"column":56}}},"5":{"name":"(anonymous_5)","decl":{"start":{"line":6,"column":9},"end":{"line":6,"column":20}},"loc":{"start":{"line":6,"column":9},"end":{"line":6,"column":56}}}},"branchMap":{},"s":{"0":1,"1":1,"2":1,"3":1,"4":1,"5":1,"6":1,"7":17,"8":1,"9":5,"10":1,"11":1},"f":{"0":0,"1":0,"2":0,"3":16,"4":4,"5":0},"b":{}}
,"/Users/dm/pets/crypto-tools/packages/common-crypto-tools/src/abbreviateAddress/abbreviateAddress.ts": {"path":"/Users/dm/pets/crypto-tools/packages/common-crypto-tools/src/abbreviateAddress/abbreviateAddress.ts","statementMap":{"0":{"start":{"line":4,"column":0},"end":{"line":4,"column":16}},"1":{"start":{"line":1,"column":0},"end":{"line":1,"column":48}},"2":{"start":{"line":8,"column":2},"end":{"line":14,"column":3}},"3":{"start":{"line":13,"column":4},"end":{"line":13,"column":19}},"4":{"start":{"line":16,"column":2},"end":{"line":22,"column":3}},"5":{"start":{"line":21,"column":4},"end":{"line":21,"column":19}},"6":{"start":{"line":24,"column":24},"end":{"line":24,"column":37}},"7":{"start":{"line":25,"column":22},"end":{"line":25,"column":35}},"8":{"start":{"line":26,"column":18},"end":{"line":26,"column":23}},"9":{"start":{"line":28,"column":2},"end":{"line":44,"column":3}},"10":{"start":{"line":29,"column":4},"end":{"line":29,"column":30}},"11":{"start":{"line":30,"column":4},"end":{"line":30,"column":28}},"12":{"start":{"line":31,"column":9},"end":{"line":44,"column":3}},"13":{"start":{"line":32,"column":4},"end":{"line":43,"column":5}},"14":{"start":{"line":33,"column":6},"end":{"line":33,"column":37}},"15":{"start":{"line":34,"column":6},"end":{"line":34,"column":35}},"16":{"start":{"line":35,"column":11},"end":{"line":43,"column":5}},"17":{"start":{"line":36,"column":21},"end":{"line":36,"column":33}},"18":{"start":{"line":37,"column":6},"end":{"line":37,"column":26}},"19":{"start":{"line":38,"column":6},"end":{"line":38,"column":24}},"20":{"start":{"line":39,"column":11},"end":{"line":43,"column":5}},"21":{"start":{"line":40,"column":6},"end":{"line":40,"column":43}},"22":{"start":{"line":41,"column":6},"end":{"line":41,"column":39}},"23":{"start":{"line":42,"column":6},"end":{"line":42,"column":43}},"24":{"start":{"line":46,"column":2},"end":{"line":48,"column":3}},"25":{"start":{"line":47,"column":4},"end":{"line":47,"column":25}},"26":{"start":{"line":51,"column":4},"end":{"line":52,"column":25}},"27":{"start":{"line":54,"column":4},"end":{"line":56,"column":23}},"28":{"start":{"line":58,"column":2},"end":{"line":60,"column":38}}},"fnMap":{"0":{"name":"abbreviateAddress","decl":{"start":{"line":4,"column":16},"end":{"line":4,"column":33}},"loc":{"start":{"line":6,"column":28},"end":{"line":61,"column":1}}}},"branchMap":{"0":{"loc":{"start":{"line":5,"column":2},"end":{"line":5,"column":22}},"type":"default-arg","locations":[{"start":{"line":5,"column":20},"end":{"line":5,"column":22}}]},"1":{"loc":{"start":{"line":8,"column":2},"end":{"line":14,"column":3}},"type":"if","locations":[{"start":{"line":8,"column":2},"end":{"line":14,"column":3}}]},"2":{"loc":{"start":{"line":9,"column":4},"end":{"line":11,"column":41}},"type":"binary-expr","locations":[{"start":{"line":9,"column":4},"end":{"line":9,"column":31}},{"start":{"line":10,"column":4},"end":{"line":10,"column":22}},{"start":{"line":11,"column":4},"end":{"line":11,"column":41}}]},"3":{"loc":{"start":{"line":16,"column":2},"end":{"line":22,"column":3}},"type":"if","locations":[{"start":{"line":16,"column":2},"end":{"line":22,"column":3}}]},"4":{"loc":{"start":{"line":17,"column":4},"end":{"line":19,"column":22}},"type":"binary-expr","locations":[{"start":{"line":17,"column":4},"end":{"line":17,"column":31}},{"start":{"line":18,"column":4},"end":{"line":18,"column":37}},{"start":{"line":19,"column":4},"end":{"line":19,"column":22}}]},"5":{"loc":{"start":{"line":28,"column":2},"end":{"line":44,"column":3}},"type":"if","locations":[{"start":{"line":28,"column":2},"end":{"line":44,"column":3}},{"start":{"line":31,"column":9},"end":{"line":44,"column":3}}]},"6":{"loc":{"start":{"line":31,"column":9},"end":{"line":44,"column":3}},"type":"if","locations":[{"start":{"line":31,"column":9},"end":{"line":44,"column":3}}]},"7":{"loc":{"start":{"line":32,"column":4},"end":{"line":43,"column":5}},"type":"if","locations":[{"start":{"line":32,"column":4},"end":{"line":43,"column":5}},{"start":{"line":35,"column":11},"end":{"line":43,"column":5}}]},"8":{"loc":{"start":{"line":35,"column":11},"end":{"line":43,"column":5}},"type":"if","locations":[{"start":{"line":35,"column":11},"end":{"line":43,"column":5}},{"start":{"line":39,"column":11},"end":{"line":43,"column":5}}]},"9":{"loc":{"start":{"line":39,"column":11},"end":{"line":43,"column":5}},"type":"if","locations":[{"start":{"line":39,"column":11},"end":{"line":43,"column":5}}]},"10":{"loc":{"start":{"line":46,"column":2},"end":{"line":48,"column":3}},"type":"if","locations":[{"start":{"line":46,"column":2},"end":{"line":48,"column":3}}]},"11":{"loc":{"start":{"line":46,"column":6},"end":{"line":46,"column":44}},"type":"binary-expr","locations":[{"start":{"line":46,"column":6},"end":{"line":46,"column":16}},{"start":{"line":46,"column":20},"end":{"line":46,"column":44}}]},"12":{"loc":{"start":{"line":51,"column":4},"end":{"line":52,"column":25}},"type":"binary-expr","locations":[{"start":{"line":51,"column":5},"end":{"line":51,"column":32}},{"start":{"line":51,"column":36},"end":{"line":51,"column":57}},{"start":{"line":52,"column":4},"end":{"line":52,"column":25}}]},"13":{"loc":{"start":{"line":54,"column":4},"end":{"line":56,"column":23}},"type":"cond-expr","locations":[{"start":{"line":55,"column":8},"end":{"line":55,"column":22}},{"start":{"line":56,"column":8},"end":{"line":56,"column":23}}]},"14":{"loc":{"start":{"line":54,"column":4},"end":{"line":54,"column":73}},"type":"binary-expr","locations":[{"start":{"line":54,"column":4},"end":{"line":54,"column":31}},{"start":{"line":54,"column":35},"end":{"line":54,"column":73}}]}},"s":{"0":2,"1":2,"2":13,"3":1,"4":12,"5":2,"6":10,"7":10,"8":10,"9":10,"10":1,"11":1,"12":9,"13":7,"14":4,"15":4,"16":3,"17":1,"18":1,"19":1,"20":2,"21":2,"22":2,"23":2,"24":10,"25":8,"26":10,"27":10,"28":10},"f":{"0":13},"b":{"0":[1],"1":[1],"2":[13,10,2],"3":[2],"4":[12,9,6],"5":[1,9],"6":[7],"7":[4,3],"8":[1,2],"9":[2],"10":[8],"11":[10,9],"12":[10,7,9],"13":[2,8],"14":[10,7]}}
,"/Users/dm/pets/crypto-tools/packages/common-crypto-tools/src/abbreviateAddress/constants/defaults.ts": {"path":"/Users/dm/pets/crypto-tools/packages/common-crypto-tools/src/abbreviateAddress/constants/defaults.ts","statementMap":{"0":{"start":{"line":1,"column":13},"end":{"line":5,"column":2}}},"fnMap":{},"branchMap":{},"s":{"0":2},"f":{},"b":{}}
,"/Users/dm/pets/crypto-tools/packages/common-crypto-tools/src/addHTMLBreaksToAddress/addHTMLBreaksToAddress.ts": {"path":"/Users/dm/pets/crypto-tools/packages/common-crypto-tools/src/addHTMLBreaksToAddress/addHTMLBreaksToAddress.ts","statementMap":{"0":{"start":{"line":3,"column":0},"end":{"line":3,"column":16}},"1":{"start":{"line":1,"column":13},"end":{"line":1,"column":40}},"2":{"start":{"line":7,"column":2},"end":{"line":11,"column":3}},"3":{"start":{"line":8,"column":4},"end":{"line":10,"column":6}},"4":{"start":{"line":13,"column":15},"end":{"line":13,"column":17}},"5":{"start":{"line":15,"column":2},"end":{"line":20,"column":3}},"6":{"start":{"line":15,"column":15},"end":{"line":15,"column":16}},"7":{"start":{"line":16,"column":4},"end":{"line":18,"column":5}},"8":{"start":{"line":17,"column":6},"end":{"line":17,"column":31}},"9":{"start":{"line":19,"column":4},"end":{"line":19,"column":25}},"10":{"start":{"line":22,"column":2},"end":{"line":22,"column":16}}},"fnMap":{"0":{"name":"addHTMLBreaksToAddress","decl":{"start":{"line":3,"column":16},"end":{"line":3,"column":38}},"loc":{"start":{"line":5,"column":24},"end":{"line":23,"column":1}}}},"branchMap":{"0":{"loc":{"start":{"line":4,"column":2},"end":{"line":4,"column":22}},"type":"default-arg","locations":[{"start":{"line":4,"column":20},"end":{"line":4,"column":22}}]},"1":{"loc":{"start":{"line":5,"column":2},"end":{"line":5,"column":24}},"type":"default-arg","locations":[{"start":{"line":5,"column":23},"end":{"line":5,"column":24}}]},"2":{"loc":{"start":{"line":7,"column":2},"end":{"line":11,"column":3}},"type":"if","locations":[{"start":{"line":7,"column":2},"end":{"line":11,"column":3}}]},"3":{"loc":{"start":{"line":16,"column":4},"end":{"line":18,"column":5}},"type":"if","locations":[{"start":{"line":16,"column":4},"end":{"line":18,"column":5}}]},"4":{"loc":{"start":{"line":16,"column":8},"end":{"line":16,"column":45}},"type":"binary-expr","locations":[{"start":{"line":16,"column":8},"end":{"line":16,"column":13}},{"start":{"line":16,"column":17},"end":{"line":16,"column":45}}]}},"s":{"0":2,"1":2,"2":7,"3":1,"4":6,"5":6,"6":6,"7":48,"8":8,"9":48,"10":6},"f":{"0":7},"b":{"0":[1],"1":[4],"2":[1],"3":[8],"4":[48,44]}}
,"/Users/dm/pets/crypto-tools/packages/common-crypto-tools/src/explorerUrl/explorerUrl.ts": {"path":"/Users/dm/pets/crypto-tools/packages/common-crypto-tools/src/explorerUrl/explorerUrl.ts","statementMap":{"0":{"start":{"line":6,"column":0},"end":{"line":6,"column":16}},"1":{"start":{"line":1,"column":0},"end":{"line":1,"column":50}},"2":{"start":{"line":4,"column":0},"end":{"line":4,"column":60}},"3":{"start":{"line":7,"column":28},"end":{"line":7,"column":53}},"4":{"start":{"line":9,"column":18},"end":{"line":9,"column":61}},"5":{"start":{"line":10,"column":2},"end":{"line":10,"column":23}},"6":{"start":{"line":11,"column":2},"end":{"line":13,"column":3}},"7":{"start":{"line":12,"column":4},"end":{"line":12,"column":76}},"8":{"start":{"line":15,"column":2},"end":{"line":21,"column":4}},"9":{"start":{"line":16,"column":28},"end":{"line":16,"column":71}},"10":{"start":{"line":18,"column":6},"end":{"line":18,"column":60}},"11":{"start":{"line":20,"column":6},"end":{"line":20,"column":60}}},"fnMap":{"0":{"name":"explorerUrl","decl":{"start":{"line":6,"column":16},"end":{"line":6,"column":27}},"loc":{"start":{"line":6,"column":64},"end":{"line":22,"column":1}}},"1":{"name":"(anonymous_1)","decl":{"start":{"line":16,"column":8},"end":{"line":16,"column":9}},"loc":{"start":{"line":16,"column":28},"end":{"line":16,"column":71}}},"2":{"name":"(anonymous_2)","decl":{"start":{"line":17,"column":13},"end":{"line":17,"column":14}},"loc":{"start":{"line":18,"column":6},"end":{"line":18,"column":60}}},"3":{"name":"(anonymous_3)","decl":{"start":{"line":19,"column":11},"end":{"line":19,"column":12}},"loc":{"start":{"line":20,"column":6},"end":{"line":20,"column":60}}}},"branchMap":{"0":{"loc":{"start":{"line":6,"column":45},"end":{"line":6,"column":64}},"type":"default-arg","locations":[{"start":{"line":6,"column":62},"end":{"line":6,"column":64}}]},"1":{"loc":{"start":{"line":9,"column":18},"end":{"line":9,"column":61}},"type":"binary-expr","locations":[{"start":{"line":9,"column":18},"end":{"line":9,"column":29}},{"start":{"line":9,"column":33},"end":{"line":9,"column":61}}]},"2":{"loc":{"start":{"line":11,"column":2},"end":{"line":13,"column":3}},"type":"if","locations":[{"start":{"line":11,"column":2},"end":{"line":13,"column":3}}]},"3":{"loc":{"start":{"line":16,"column":42},"end":{"line":16,"column":59}},"type":"binary-expr","locations":[{"start":{"line":16,"column":42},"end":{"line":16,"column":51}},{"start":{"line":16,"column":55},"end":{"line":16,"column":59}}]},"4":{"loc":{"start":{"line":18,"column":20},"end":{"line":18,"column":47}},"type":"binary-expr","locations":[{"start":{"line":18,"column":20},"end":{"line":18,"column":34}},{"start":{"line":18,"column":38},"end":{"line":18,"column":47}}]},"5":{"loc":{"start":{"line":20,"column":20},"end":{"line":20,"column":43}},"type":"binary-expr","locations":[{"start":{"line":20,"column":20},"end":{"line":20,"column":32}},{"start":{"line":20,"column":36},"end":{"line":20,"column":43}}]}},"s":{"0":2,"1":2,"2":2,"3":14,"4":14,"5":14,"6":14,"7":1,"8":13,"9":6,"10":5,"11":3},"f":{"0":14,"1":6,"2":5,"3":3},"b":{"0":[9],"1":[14,11],"2":[1],"3":[6,4],"4":[5,4],"5":[3,2]}}
,"/Users/dm/pets/crypto-tools/packages/common-crypto-tools/src/explorerUrl/constants/explorers.ts": {"path":"/Users/dm/pets/crypto-tools/packages/common-crypto-tools/src/explorerUrl/constants/explorers.ts","statementMap":{"0":{"start":{"line":3,"column":13},"end":{"line":14,"column":2}}},"fnMap":{},"branchMap":{},"s":{"0":2},"f":{},"b":{}}
,"/Users/dm/pets/crypto-tools/packages/common-crypto-tools/src/explorerUrl/utils/normalizeNetwork.ts": {"path":"/Users/dm/pets/crypto-tools/packages/common-crypto-tools/src/explorerUrl/utils/normalizeNetwork.ts","statementMap":{"0":{"start":{"line":1,"column":0},"end":{"line":1,"column":16}},"1":{"start":{"line":2,"column":27},"end":{"line":2,"column":48}},"2":{"start":{"line":4,"column":48},"end":{"line":23,"column":4}},"3":{"start":{"line":25,"column":2},"end":{"line":29,"column":3}},"4":{"start":{"line":26,"column":4},"end":{"line":28,"column":5}},"5":{"start":{"line":27,"column":6},"end":{"line":27,"column":29}},"6":{"start":{"line":31,"column":2},"end":{"line":31,"column":19}}},"fnMap":{"0":{"name":"normalizeNetwork","decl":{"start":{"line":1,"column":16},"end":{"line":1,"column":32}},"loc":{"start":{"line":1,"column":48},"end":{"line":32,"column":1}}}},"branchMap":{"0":{"loc":{"start":{"line":26,"column":4},"end":{"line":28,"column":5}},"type":"if","locations":[{"start":{"line":26,"column":4},"end":{"line":28,"column":5}}]}},"s":{"0":3,"1":43,"2":43,"3":43,"4":412,"5":41,"6":2},"f":{"0":43},"b":{"0":[41]}}
,"/Users/dm/pets/crypto-tools/packages/common-crypto-tools/src/removeLeading0x/removeLeading0x.ts": {"path":"/Users/dm/pets/crypto-tools/packages/common-crypto-tools/src/removeLeading0x/removeLeading0x.ts","statementMap":{"0":{"start":{"line":1,"column":0},"end":{"line":1,"column":16}},"1":{"start":{"line":2,"column":2},"end":{"line":5,"column":3}},"2":{"start":{"line":3,"column":26},"end":{"line":3,"column":30}},"3":{"start":{"line":4,"column":4},"end":{"line":4,"column":25}},"4":{"start":{"line":7,"column":2},"end":{"line":7,"column":14}}},"fnMap":{"0":{"name":"removeLeading0x","decl":{"start":{"line":1,"column":16},"end":{"line":1,"column":31}},"loc":{"start":{"line":1,"column":44},"end":{"line":8,"column":1}}}},"branchMap":{"0":{"loc":{"start":{"line":2,"column":2},"end":{"line":5,"column":3}},"type":"if","locations":[{"start":{"line":2,"column":2},"end":{"line":5,"column":3}}]}},"s":{"0":2,"1":6,"2":3,"3":3,"4":3},"f":{"0":6},"b":{"0":[3]}}
,"/Users/dm/pets/crypto-tools/packages/common-crypto-tools/src/toBigFloat/toBigFloat.ts": {"path":"/Users/dm/pets/crypto-tools/packages/common-crypto-tools/src/toBigFloat/toBigFloat.ts","statementMap":{"0":{"start":{"line":4,"column":0},"end":{"line":4,"column":16}},"1":{"start":{"line":1,"column":0},"end":{"line":1,"column":37}},"2":{"start":{"line":2,"column":0},"end":{"line":2,"column":54}},"3":{"start":{"line":9,"column":25},"end":{"line":11,"column":11}},"4":{"start":{"line":13,"column":2},"end":{"line":13,"column":31}}},"fnMap":{"0":{"name":"toBigFloat","decl":{"start":{"line":4,"column":16},"end":{"line":4,"column":26}},"loc":{"start":{"line":5,"column":42},"end":{"line":14,"column":1}}}},"branchMap":{"0":{"loc":{"start":{"line":9,"column":25},"end":{"line":11,"column":11}},"type":"cond-expr","locations":[{"start":{"line":10,"column":6},"end":{"line":10,"column":22}},{"start":{"line":11,"column":6},"end":{"line":11,"column":11}}]}},"s":{"0":1,"1":1,"2":1,"3":16,"4":16},"f":{"0":16},"b":{"0":[4,12]}}
,"/Users/dm/pets/crypto-tools/packages/common-crypto-tools/src/toBigNumber/toBigNumber.ts": {"path":"/Users/dm/pets/crypto-tools/packages/common-crypto-tools/src/toBigNumber/toBigNumber.ts","statementMap":{"0":{"start":{"line":3,"column":0},"end":{"line":3,"column":16}},"1":{"start":{"line":1,"column":0},"end":{"line":1,"column":49}},"2":{"start":{"line":4,"column":2},"end":{"line":4,"column":31}}},"fnMap":{"0":{"name":"toBigNumber","decl":{"start":{"line":3,"column":16},"end":{"line":3,"column":27}},"loc":{"start":{"line":3,"column":47},"end":{"line":5,"column":1}}}},"branchMap":{},"s":{"0":2,"1":2,"2":15},"f":{"0":15},"b":{}}
}
