TN:
SF:src/index.ts
FN:1,(anonymous_0)
FN:2,(anonymous_1)
FN:3,(anonymous_2)
FN:4,(anonymous_3)
FN:5,(anonymous_4)
FN:6,(anonymous_5)
FNF:6
FNH:2
FNDA:0,(anonymous_0)
FNDA:0,(anonymous_1)
FNDA:0,(anonymous_2)
FNDA:16,(anonymous_3)
FNDA:4,(anonymous_4)
FNDA:0,(anonymous_5)
DA:1,1
DA:2,1
DA:3,1
DA:4,17
DA:5,5
DA:6,1
LF:6
LH:6
BRF:0
BRH:0
end_of_record
TN:
SF:src/abbreviateAddress/abbreviateAddress.ts
FN:4,abbreviateAddress
FNF:1
FNH:1
FNDA:13,abbreviateAddress
DA:1,2
DA:4,2
DA:8,13
DA:13,1
DA:16,12
DA:21,2
DA:24,10
DA:25,10
DA:26,10
DA:28,10
DA:29,1
DA:30,1
DA:31,9
DA:32,7
DA:33,4
DA:34,4
DA:35,3
DA:36,1
DA:37,1
DA:38,1
DA:39,2
DA:40,2
DA:41,2
DA:42,2
DA:46,10
DA:47,8
DA:51,10
DA:54,10
DA:58,10
LF:29
LH:29
BRDA:5,0,0,1
BRDA:8,1,0,1
BRDA:9,2,0,13
BRDA:9,2,1,10
BRDA:9,2,2,2
BRDA:16,3,0,2
BRDA:17,4,0,12
BRDA:17,4,1,9
BRDA:17,4,2,6
BRDA:28,5,0,1
BRDA:28,5,1,9
BRDA:31,6,0,7
BRDA:32,7,0,4
BRDA:32,7,1,3
BRDA:35,8,0,1
BRDA:35,8,1,2
BRDA:39,9,0,2
BRDA:46,10,0,8
BRDA:46,11,0,10
BRDA:46,11,1,9
BRDA:51,12,0,10
BRDA:51,12,1,7
BRDA:51,12,2,9
BRDA:54,13,0,2
BRDA:54,13,1,8
BRDA:54,14,0,10
BRDA:54,14,1,7
BRF:27
BRH:27
end_of_record
TN:
SF:src/abbreviateAddress/constants/defaults.ts
FNF:0
FNH:0
DA:1,2
LF:1
LH:1
BRF:0
BRH:0
end_of_record
TN:
SF:src/addHTMLBreaksToAddress/addHTMLBreaksToAddress.ts
FN:3,addHTMLBreaksToAddress
FNF:1
FNH:1
FNDA:7,addHTMLBreaksToAddress
DA:1,2
DA:3,2
DA:7,7
DA:8,1
DA:13,6
DA:15,6
DA:16,48
DA:17,8
DA:19,48
DA:22,6
LF:10
LH:10
BRDA:4,0,0,1
BRDA:5,1,0,4
BRDA:7,2,0,1
BRDA:16,3,0,8
BRDA:16,4,0,48
BRDA:16,4,1,44
BRF:6
BRH:6
end_of_record
TN:
SF:src/explorerUrl/explorerUrl.ts
FN:6,explorerUrl
FN:16,(anonymous_1)
FN:17,(anonymous_2)
FN:19,(anonymous_3)
FNF:4
FNH:4
FNDA:14,explorerUrl
FNDA:6,(anonymous_1)
FNDA:5,(anonymous_2)
FNDA:3,(anonymous_3)
DA:1,2
DA:4,2
DA:6,2
DA:7,14
DA:9,14
DA:10,14
DA:11,14
DA:12,1
DA:15,13
DA:16,6
DA:18,5
DA:20,3
LF:12
LH:12
BRDA:6,0,0,9
BRDA:9,1,0,14
BRDA:9,1,1,11
BRDA:11,2,0,1
BRDA:16,3,0,6
BRDA:16,3,1,4
BRDA:18,4,0,5
BRDA:18,4,1,4
BRDA:20,5,0,3
BRDA:20,5,1,2
BRF:10
BRH:10
end_of_record
TN:
SF:src/explorerUrl/constants/explorers.ts
FNF:0
FNH:0
DA:3,2
LF:1
LH:1
BRF:0
BRH:0
end_of_record
TN:
SF:src/explorerUrl/utils/normalizeNetwork.ts
FN:1,normalizeNetwork
FNF:1
FNH:1
FNDA:43,normalizeNetwork
DA:1,3
DA:2,43
DA:4,43
DA:25,43
DA:26,412
DA:27,41
DA:31,2
LF:7
LH:7
BRDA:26,0,0,41
BRF:1
BRH:1
end_of_record
TN:
SF:src/removeLeading0x/removeLeading0x.ts
FN:1,removeLeading0x
FNF:1
FNH:1
FNDA:6,removeLeading0x
DA:1,2
DA:2,6
DA:3,3
DA:4,3
DA:7,3
LF:5
LH:5
BRDA:2,0,0,3
BRF:1
BRH:1
end_of_record
TN:
SF:src/toBigFloat/toBigFloat.ts
FN:4,toBigFloat
FNF:1
FNH:1
FNDA:16,toBigFloat
DA:1,1
DA:2,1
DA:4,1
DA:9,16
DA:13,16
LF:5
LH:5
BRDA:9,0,0,4
BRDA:9,0,1,12
BRF:2
BRH:2
end_of_record
TN:
SF:src/toBigNumber/toBigNumber.ts
FN:3,toBigNumber
FNF:1
FNH:1
FNDA:15,toBigNumber
DA:1,2
DA:3,2
DA:4,15
LF:3
LH:3
BRF:0
BRH:0
end_of_record
